2020-11-12 17:41:23.565 [34mINFO [0;39m [33mc.vkim.skyeng.SkyengautoApplication[0;39m.[32mlogStarting:55[0;39m - Starting SkyengautoApplication on EPRUSARW0045 with PID 18688 (C:\Users\Vitalii_Kim\Documents\GitHub\sauto\target\classes started by Vitalii_Kim in C:\Users\Vitalii_Kim\Documents\GitHub\sauto)
2020-11-12 17:41:23.597 [34mINFO [0;39m [33mc.vkim.skyeng.SkyengautoApplication[0;39m.[32mlogStartupProfileInfo:651[0;39m - No active profile set, falling back to default profiles: default
2020-11-12 17:41:24.266 [34mINFO [0;39m [33mo.s.d.r.c.RepositoryConfigurationDelegate[0;39m.[32mregisterRepositoriesIn:127[0;39m - Bootstrapping Spring Data JPA repositories in DEFERRED mode.
2020-11-12 17:41:24.320 [34mINFO [0;39m [33mo.s.d.r.c.RepositoryConfigurationDelegate[0;39m.[32mregisterRepositoriesIn:187[0;39m - Finished Spring Data repository scanning in 47ms. Found 2 JPA repository interfaces.
2020-11-12 17:41:24.657 [34mINFO [0;39m [33mo.s.b.w.e.tomcat.TomcatWebServer[0;39m.[32minitialize:108[0;39m - Tomcat initialized with port(s): 8080 (http)
2020-11-12 17:41:24.663 [34mINFO [0;39m [33mo.a.catalina.core.StandardService[0;39m.[32mlog:173[0;39m - Starting service [Tomcat]
2020-11-12 17:41:24.663 [34mINFO [0;39m [33mo.a.catalina.core.StandardEngine[0;39m.[32mlog:173[0;39m - Starting Servlet engine: [Apache Tomcat/9.0.36]
2020-11-12 17:41:24.886 [34mINFO [0;39m [33morg.apache.jasper.servlet.TldScanner[0;39m.[32mlog:173[0;39m - At least one JAR was scanned for TLDs yet contained no TLDs. Enable debug logging for this logger for a complete list of JARs that were scanned but no TLDs were found in them. Skipping unneeded JARs during scanning can improve startup time and JSP compilation time.
2020-11-12 17:41:24.891 [34mINFO [0;39m [33mo.a.c.c.C.[Tomcat].[localhost].[/][0;39m.[32mlog:173[0;39m - Initializing Spring embedded WebApplicationContext
2020-11-12 17:41:24.892 [34mINFO [0;39m [33mo.s.b.w.s.c.ServletWebServerApplicationContext[0;39m.[32mprepareWebApplicationContext:285[0;39m - Root WebApplicationContext: initialization completed in 1263 ms
2020-11-12 17:41:24.912 [34mINFO [0;39m [33mo.s.b.web.servlet.RegistrationBean[0;39m.[32mregister:110[0;39m - Filter characterEncodingFilter was not registered (possibly already registered?)
2020-11-12 17:41:24.993 [34mINFO [0;39m [33mo.s.s.c.ThreadPoolTaskExecutor[0;39m.[32minitialize:181[0;39m - Initializing ExecutorService 'applicationTaskExecutor'
2020-11-12 17:41:25.051 [31mWARN [0;39m [33mo.s.b.a.o.j.JpaBaseConfiguration$JpaWebConfiguration[0;39m.[32mopenEntityManagerInViewInterceptor:220[0;39m - spring.jpa.open-in-view is enabled by default. Therefore, database queries may be performed during view rendering. Explicitly configure spring.jpa.open-in-view to disable this warning
2020-11-12 17:41:25.231 [34mINFO [0;39m [33mcom.zaxxer.hikari.HikariDataSource[0;39m.[32mgetConnection:110[0;39m - HikariPool-1 - Starting...
2020-11-12 17:41:25.288 [34mINFO [0;39m [33mcom.zaxxer.hikari.HikariDataSource[0;39m.[32mgetConnection:123[0;39m - HikariPool-1 - Start completed.
2020-11-12 17:41:25.331 [34mINFO [0;39m [33morg.apache.tiles.access.TilesAccess[0;39m.[32msetContainer:93[0;39m - Publishing TilesContext for context: org.springframework.web.servlet.view.tiles3.SpringWildcardServletTilesApplicationContext
2020-11-12 17:41:25.390 [34mINFO [0;39m [33mo.s.s.web.DefaultSecurityFilterChain[0;39m.[32m<init>:43[0;39m - Creating filter chain: Ant [pattern='/v2/api-docs'], []
2020-11-12 17:41:25.390 [34mINFO [0;39m [33mo.s.s.web.DefaultSecurityFilterChain[0;39m.[32m<init>:43[0;39m - Creating filter chain: Ant [pattern='/configuration/ui'], []
2020-11-12 17:41:25.390 [34mINFO [0;39m [33mo.s.s.web.DefaultSecurityFilterChain[0;39m.[32m<init>:43[0;39m - Creating filter chain: Ant [pattern='/swagger-resources/**'], []
2020-11-12 17:41:25.390 [34mINFO [0;39m [33mo.s.s.web.DefaultSecurityFilterChain[0;39m.[32m<init>:43[0;39m - Creating filter chain: Ant [pattern='/configuration/security'], []
2020-11-12 17:41:25.390 [34mINFO [0;39m [33mo.s.s.web.DefaultSecurityFilterChain[0;39m.[32m<init>:43[0;39m - Creating filter chain: Ant [pattern='/swagger-ui/**'], []
2020-11-12 17:41:25.390 [34mINFO [0;39m [33mo.s.s.web.DefaultSecurityFilterChain[0;39m.[32m<init>:43[0;39m - Creating filter chain: Ant [pattern='/webjars/**'], []
2020-11-12 17:41:25.412 [34mINFO [0;39m [33mo.s.s.web.DefaultSecurityFilterChain[0;39m.[32m<init>:43[0;39m - Creating filter chain: any request, [org.springframework.security.web.context.request.async.WebAsyncManagerIntegrationFilter@ff5d4f1, org.springframework.security.web.context.SecurityContextPersistenceFilter@4fa5cc73, org.springframework.security.web.header.HeaderWriterFilter@4b32465, org.springframework.security.web.authentication.logout.LogoutFilter@3d8d52be, org.springframework.security.web.authentication.UsernamePasswordAuthenticationFilter@2d07aacc, org.springframework.security.web.savedrequest.RequestCacheAwareFilter@70139a81, org.springframework.security.web.servletapi.SecurityContextHolderAwareRequestFilter@5922cff3, org.springframework.security.web.authentication.AnonymousAuthenticationFilter@194224ca, org.springframework.security.web.session.SessionManagementFilter@66b6873f, org.springframework.security.web.access.ExceptionTranslationFilter@4af70b83, org.springframework.security.web.access.intercept.FilterSecurityInterceptor@685e6a68]
2020-11-12 17:41:25.533 [34mINFO [0;39m [33mo.s.b.a.w.s.WelcomePageHandlerMapping[0;39m.[32m<init>:58[0;39m - Adding welcome page template: index
2020-11-12 17:41:25.626 [34mINFO [0;39m [33mo.s.b.w.e.tomcat.TomcatWebServer[0;39m.[32mstart:220[0;39m - Tomcat started on port(s): 8080 (http) with context path ''
2020-11-12 17:41:25.745 [31mWARN [0;39m [33ms.d.s.w.r.p.ParameterTypeReader[0;39m.[32mfindParameterType:112[0;39m - @ModelAttribute annotated parameters should have already been expanded via the ExpandedParameterBuilderPlugin
2020-11-12 17:41:25.752 [34mINFO [0;39m [33mo.s.d.r.c.DeferredRepositoryInitializationListener[0;39m.[32monApplicationEvent:49[0;39m - Triggering deferred initialization of Spring Data repositories…
2020-11-12 17:41:25.876 [34mINFO [0;39m [33mo.s.o.j.LocalContainerEntityManagerFactoryBean[0;39m.[32mbuildNativeEntityManagerFactory:416[0;39m - Initialized JPA EntityManagerFactory for persistence unit 'default'
2020-11-12 17:41:26.037 [34mINFO [0;39m [33mo.s.d.r.c.DeferredRepositoryInitializationListener[0;39m.[32monApplicationEvent:53[0;39m - Spring Data repositories initialized!
2020-11-12 17:41:26.044 [34mINFO [0;39m [33mc.vkim.skyeng.SkyengautoApplication[0;39m.[32mlogStarted:61[0;39m - Started SkyengautoApplication in 2.716 seconds (JVM running for 3.271)
2020-11-12 17:44:17.503 [34mINFO [0;39m [33mo.a.c.c.C.[Tomcat].[localhost].[/][0;39m.[32mlog:173[0;39m - Initializing Spring DispatcherServlet 'dispatcherServlet'
2020-11-12 17:44:17.504 [34mINFO [0;39m [33mo.s.web.servlet.DispatcherServlet[0;39m.[32minitServletBean:525[0;39m - Initializing Servlet 'dispatcherServlet'
2020-11-12 17:44:17.507 [34mINFO [0;39m [33mo.s.web.servlet.DispatcherServlet[0;39m.[32minitServletBean:547[0;39m - Completed initialization in 3 ms
2020-11-12 17:45:05.921 [34mINFO [0;39m [33mc.vkim.skyeng.SkyengautoApplication[0;39m.[32mlogStarting:55[0;39m - Starting SkyengautoApplication on EPRUSARW0045 with PID 15480 (C:\Users\Vitalii_Kim\Documents\GitHub\sauto\target\classes started by Vitalii_Kim in C:\Users\Vitalii_Kim\Documents\GitHub\sauto)
2020-11-12 17:45:05.922 [34mINFO [0;39m [33mc.vkim.skyeng.SkyengautoApplication[0;39m.[32mlogStartupProfileInfo:651[0;39m - No active profile set, falling back to default profiles: default
2020-11-12 17:45:06.532 [34mINFO [0;39m [33mo.s.d.r.c.RepositoryConfigurationDelegate[0;39m.[32mregisterRepositoriesIn:127[0;39m - Bootstrapping Spring Data JPA repositories in DEFERRED mode.
2020-11-12 17:45:06.581 [34mINFO [0;39m [33mo.s.d.r.c.RepositoryConfigurationDelegate[0;39m.[32mregisterRepositoriesIn:187[0;39m - Finished Spring Data repository scanning in 44ms. Found 2 JPA repository interfaces.
2020-11-12 17:45:06.886 [34mINFO [0;39m [33mo.s.b.w.e.tomcat.TomcatWebServer[0;39m.[32minitialize:108[0;39m - Tomcat initialized with port(s): 8080 (http)
2020-11-12 17:45:06.891 [34mINFO [0;39m [33mo.a.catalina.core.StandardService[0;39m.[32mlog:173[0;39m - Starting service [Tomcat]
2020-11-12 17:45:06.891 [34mINFO [0;39m [33mo.a.catalina.core.StandardEngine[0;39m.[32mlog:173[0;39m - Starting Servlet engine: [Apache Tomcat/9.0.36]
2020-11-12 17:45:07.094 [34mINFO [0;39m [33morg.apache.jasper.servlet.TldScanner[0;39m.[32mlog:173[0;39m - At least one JAR was scanned for TLDs yet contained no TLDs. Enable debug logging for this logger for a complete list of JARs that were scanned but no TLDs were found in them. Skipping unneeded JARs during scanning can improve startup time and JSP compilation time.
2020-11-12 17:45:07.099 [34mINFO [0;39m [33mo.a.c.c.C.[Tomcat].[localhost].[/][0;39m.[32mlog:173[0;39m - Initializing Spring embedded WebApplicationContext
2020-11-12 17:45:07.099 [34mINFO [0;39m [33mo.s.b.w.s.c.ServletWebServerApplicationContext[0;39m.[32mprepareWebApplicationContext:285[0;39m - Root WebApplicationContext: initialization completed in 1149 ms
2020-11-12 17:45:07.125 [34mINFO [0;39m [33mo.s.b.web.servlet.RegistrationBean[0;39m.[32mregister:110[0;39m - Filter characterEncodingFilter was not registered (possibly already registered?)
2020-11-12 17:45:07.199 [34mINFO [0;39m [33mo.s.s.c.ThreadPoolTaskExecutor[0;39m.[32minitialize:181[0;39m - Initializing ExecutorService 'applicationTaskExecutor'
2020-11-12 17:45:07.252 [31mWARN [0;39m [33mo.s.b.a.o.j.JpaBaseConfiguration$JpaWebConfiguration[0;39m.[32mopenEntityManagerInViewInterceptor:220[0;39m - spring.jpa.open-in-view is enabled by default. Therefore, database queries may be performed during view rendering. Explicitly configure spring.jpa.open-in-view to disable this warning
2020-11-12 17:45:07.361 [34mINFO [0;39m [33mcom.zaxxer.hikari.HikariDataSource[0;39m.[32mgetConnection:110[0;39m - HikariPool-1 - Starting...
2020-11-12 17:45:07.413 [34mINFO [0;39m [33mcom.zaxxer.hikari.HikariDataSource[0;39m.[32mgetConnection:123[0;39m - HikariPool-1 - Start completed.
2020-11-12 17:45:07.496 [34mINFO [0;39m [33morg.apache.tiles.access.TilesAccess[0;39m.[32msetContainer:93[0;39m - Publishing TilesContext for context: org.springframework.web.servlet.view.tiles3.SpringWildcardServletTilesApplicationContext
2020-11-12 17:45:07.549 [34mINFO [0;39m [33mo.s.s.web.DefaultSecurityFilterChain[0;39m.[32m<init>:43[0;39m - Creating filter chain: Ant [pattern='/v2/api-docs'], []
2020-11-12 17:45:07.549 [34mINFO [0;39m [33mo.s.s.web.DefaultSecurityFilterChain[0;39m.[32m<init>:43[0;39m - Creating filter chain: Ant [pattern='/configuration/ui'], []
2020-11-12 17:45:07.549 [34mINFO [0;39m [33mo.s.s.web.DefaultSecurityFilterChain[0;39m.[32m<init>:43[0;39m - Creating filter chain: Ant [pattern='/swagger-resources/**'], []
2020-11-12 17:45:07.549 [34mINFO [0;39m [33mo.s.s.web.DefaultSecurityFilterChain[0;39m.[32m<init>:43[0;39m - Creating filter chain: Ant [pattern='/configuration/security'], []
2020-11-12 17:45:07.549 [34mINFO [0;39m [33mo.s.s.web.DefaultSecurityFilterChain[0;39m.[32m<init>:43[0;39m - Creating filter chain: Ant [pattern='/swagger-ui/**'], []
2020-11-12 17:45:07.549 [34mINFO [0;39m [33mo.s.s.web.DefaultSecurityFilterChain[0;39m.[32m<init>:43[0;39m - Creating filter chain: Ant [pattern='/webjars/**'], []
2020-11-12 17:45:07.568 [34mINFO [0;39m [33mo.s.s.web.DefaultSecurityFilterChain[0;39m.[32m<init>:43[0;39m - Creating filter chain: any request, [org.springframework.security.web.context.request.async.WebAsyncManagerIntegrationFilter@11ad095c, org.springframework.security.web.context.SecurityContextPersistenceFilter@1a7d0c9f, org.springframework.security.web.header.HeaderWriterFilter@6e364f1f, org.springframework.security.web.authentication.logout.LogoutFilter@621dc63d, org.springframework.security.web.authentication.UsernamePasswordAuthenticationFilter@65af05b2, org.springframework.security.web.savedrequest.RequestCacheAwareFilter@11bdab37, org.springframework.security.web.servletapi.SecurityContextHolderAwareRequestFilter@369ad7da, org.springframework.security.web.authentication.AnonymousAuthenticationFilter@2c2a903f, org.springframework.security.web.session.SessionManagementFilter@298263fa, org.springframework.security.web.access.ExceptionTranslationFilter@65db548, org.springframework.security.web.access.intercept.FilterSecurityInterceptor@43d3995f]
2020-11-12 17:45:07.653 [34mINFO [0;39m [33mo.s.b.a.w.s.WelcomePageHandlerMapping[0;39m.[32m<init>:58[0;39m - Adding welcome page template: index
2020-11-12 17:45:07.732 [34mINFO [0;39m [33mo.s.b.w.e.tomcat.TomcatWebServer[0;39m.[32mstart:220[0;39m - Tomcat started on port(s): 8080 (http) with context path ''
2020-11-12 17:45:07.834 [34mINFO [0;39m [33mo.s.o.j.LocalContainerEntityManagerFactoryBean[0;39m.[32mbuildNativeEntityManagerFactory:416[0;39m - Initialized JPA EntityManagerFactory for persistence unit 'default'
2020-11-12 17:45:07.850 [31mWARN [0;39m [33ms.d.s.w.r.p.ParameterTypeReader[0;39m.[32mfindParameterType:112[0;39m - @ModelAttribute annotated parameters should have already been expanded via the ExpandedParameterBuilderPlugin
2020-11-12 17:45:07.857 [34mINFO [0;39m [33mo.s.d.r.c.DeferredRepositoryInitializationListener[0;39m.[32monApplicationEvent:49[0;39m - Triggering deferred initialization of Spring Data repositories…
2020-11-12 17:45:08.003 [34mINFO [0;39m [33mo.s.d.r.c.DeferredRepositoryInitializationListener[0;39m.[32monApplicationEvent:53[0;39m - Spring Data repositories initialized!
2020-11-12 17:45:08.010 [34mINFO [0;39m [33mc.vkim.skyeng.SkyengautoApplication[0;39m.[32mlogStarted:61[0;39m - Started SkyengautoApplication in 2.299 seconds (JVM running for 2.789)
2020-11-12 17:45:14.329 [34mINFO [0;39m [33mo.a.c.c.C.[Tomcat].[localhost].[/][0;39m.[32mlog:173[0;39m - Initializing Spring DispatcherServlet 'dispatcherServlet'
2020-11-12 17:45:14.329 [34mINFO [0;39m [33mo.s.web.servlet.DispatcherServlet[0;39m.[32minitServletBean:525[0;39m - Initializing Servlet 'dispatcherServlet'
2020-11-12 17:45:14.332 [34mINFO [0;39m [33mo.s.web.servlet.DispatcherServlet[0;39m.[32minitServletBean:547[0;39m - Completed initialization in 3 ms
